<?xml version="1.0" encoding="UTF-8"?>
<testng-results skipped="0" failed="0" ignored="0" total="4" passed="4">
  <reporter-output>
    <line>
      <![CDATA[RegressionSuite --> Started..]]>
    </line>
    <line>
      <![CDATA[TestInFirefox block Started..]]>
    </line>
    <line>
      <![CDATA[testValidLogin --> script Started..]]>
    </line>
    <line>
      <![CDATA[testValidLogin --> script Passed..]]>
    </line>
    <line>
      <![CDATA[testInvalidLogin --> script Started..]]>
    </line>
    <line>
      <![CDATA[testInvalidLogin --> script Passed..]]>
    </line>
    <line>
      <![CDATA[TestInFirefox block Finished..]]>
    </line>
    <line>
      <![CDATA[TestInChrome block Started..]]>
    </line>
    <line>
      <![CDATA[testValidLogin --> script Started..]]>
    </line>
    <line>
      <![CDATA[testValidLogin --> script Passed..]]>
    </line>
    <line>
      <![CDATA[testInvalidLogin --> script Started..]]>
    </line>
    <line>
      <![CDATA[testInvalidLogin --> script Passed..]]>
    </line>
  </reporter-output>
  <suite name="RegressionSuite" duration-ms="61432" started-at="2019-02-13T10:41:50Z" finished-at="2019-02-13T10:42:51Z">
    <groups>
    </groups>
    <test name="TestInFirefox" duration-ms="38751" started-at="2019-02-13T10:41:50Z" finished-at="2019-02-13T10:42:28Z">
      <class name="scripts.TestValidLogin">
        <test-method status="PASS" signature="openApplication(java.lang.String)[pri:0, instance:scripts.TestValidLogin@5056dfcb]" name="openApplication" is-config="true" duration-ms="20270" started-at="2019-02-13T10:41:50Z" finished-at="2019-02-13T10:42:10Z">
          <params>
            <param index="0">
              <value>
                <![CDATA[firefox]]>
              </value>
            </param>
          </params>
          <reporter-output>
          </reporter-output>
        </test-method> <!-- openApplication -->
        <test-method status="PASS" signature="testValidLogin()[pri:0, instance:scripts.TestValidLogin@5056dfcb]" name="testValidLogin" duration-ms="3587" started-at="2019-02-13T10:42:10Z" finished-at="2019-02-13T10:42:13Z">
          <reporter-output>
            <line>
              <![CDATA[testValidLogin --> script Started..]]>
            </line>
            <line>
              <![CDATA[testValidLogin --> script Passed..]]>
            </line>
          </reporter-output>
        </test-method> <!-- testValidLogin -->
        <test-method status="PASS" signature="closeApplication(org.testng.ITestResult)[pri:0, instance:scripts.TestValidLogin@5056dfcb]" name="closeApplication" is-config="true" duration-ms="118" started-at="2019-02-13T10:42:13Z" finished-at="2019-02-13T10:42:14Z">
          <params>
            <param index="0">
              <value>
                <![CDATA[[TestResult name=testValidLogin status=SUCCESS method=TestValidLogin.testValidLogin()[pri:0, instance:scripts.TestValidLogin@5056dfcb] output=testValidLogin --> script Started..]]]>
              </value>
            </param>
          </params>
          <reporter-output>
          </reporter-output>
        </test-method> <!-- closeApplication -->
      </class> <!-- scripts.TestValidLogin -->
      <class name="scripts.TestInvalidLogin">
        <test-method status="PASS" signature="openApplication(java.lang.String)[pri:0, instance:scripts.TestInvalidLogin@6574b225]" name="openApplication" is-config="true" duration-ms="7363" started-at="2019-02-13T10:42:14Z" finished-at="2019-02-13T10:42:21Z">
          <params>
            <param index="0">
              <value>
                <![CDATA[firefox]]>
              </value>
            </param>
          </params>
          <reporter-output>
          </reporter-output>
        </test-method> <!-- openApplication -->
        <test-method status="PASS" signature="testInvalidLogin()[pri:0, instance:scripts.TestInvalidLogin@6574b225]" name="testInvalidLogin" duration-ms="7285" started-at="2019-02-13T10:42:21Z" finished-at="2019-02-13T10:42:28Z">
          <reporter-output>
            <line>
              <![CDATA[testInvalidLogin --> script Started..]]>
            </line>
            <line>
              <![CDATA[testInvalidLogin --> script Passed..]]>
            </line>
          </reporter-output>
        </test-method> <!-- testInvalidLogin -->
        <test-method status="PASS" signature="closeApplication(org.testng.ITestResult)[pri:0, instance:scripts.TestInvalidLogin@6574b225]" name="closeApplication" is-config="true" duration-ms="88" started-at="2019-02-13T10:42:28Z" finished-at="2019-02-13T10:42:28Z">
          <params>
            <param index="0">
              <value>
                <![CDATA[[TestResult name=testInvalidLogin status=SUCCESS method=TestInvalidLogin.testInvalidLogin()[pri:0, instance:scripts.TestInvalidLogin@6574b225] output=testInvalidLogin --> script Started..]]]>
              </value>
            </param>
          </params>
          <reporter-output>
          </reporter-output>
        </test-method> <!-- closeApplication -->
      </class> <!-- scripts.TestInvalidLogin -->
    </test> <!-- TestInFirefox -->
    <test name="TestInChrome" duration-ms="22583" started-at="2019-02-13T10:42:28Z" finished-at="2019-02-13T10:42:51Z">
      <class name="scripts.TestValidLogin">
        <test-method status="PASS" signature="openApplication(java.lang.String)[pri:0, instance:scripts.TestValidLogin@2ef5e5e3]" name="openApplication" is-config="true" duration-ms="9613" started-at="2019-02-13T10:42:28Z" finished-at="2019-02-13T10:42:38Z">
          <params>
            <param index="0">
              <value>
                <![CDATA[chrome]]>
              </value>
            </param>
          </params>
          <reporter-output>
          </reporter-output>
        </test-method> <!-- openApplication -->
        <test-method status="PASS" signature="testValidLogin()[pri:0, instance:scripts.TestValidLogin@2ef5e5e3]" name="testValidLogin" duration-ms="1888" started-at="2019-02-13T10:42:38Z" finished-at="2019-02-13T10:42:40Z">
          <reporter-output>
            <line>
              <![CDATA[testValidLogin --> script Started..]]>
            </line>
            <line>
              <![CDATA[testValidLogin --> script Passed..]]>
            </line>
          </reporter-output>
        </test-method> <!-- testValidLogin -->
        <test-method status="PASS" signature="closeApplication(org.testng.ITestResult)[pri:0, instance:scripts.TestValidLogin@2ef5e5e3]" name="closeApplication" is-config="true" duration-ms="884" started-at="2019-02-13T10:42:40Z" finished-at="2019-02-13T10:42:41Z">
          <params>
            <param index="0">
              <value>
                <![CDATA[[TestResult name=testValidLogin status=SUCCESS method=TestValidLogin.testValidLogin()[pri:0, instance:scripts.TestValidLogin@2ef5e5e3] output=testValidLogin --> script Started..]]]>
              </value>
            </param>
          </params>
          <reporter-output>
          </reporter-output>
        </test-method> <!-- closeApplication -->
      </class> <!-- scripts.TestValidLogin -->
      <class name="scripts.TestInvalidLogin">
        <test-method status="PASS" signature="openApplication(java.lang.String)[pri:0, instance:scripts.TestInvalidLogin@36d4b5c]" name="openApplication" is-config="true" duration-ms="4551" started-at="2019-02-13T10:42:41Z" finished-at="2019-02-13T10:42:45Z">
          <params>
            <param index="0">
              <value>
                <![CDATA[chrome]]>
              </value>
            </param>
          </params>
          <reporter-output>
          </reporter-output>
        </test-method> <!-- openApplication -->
        <test-method status="PASS" signature="testInvalidLogin()[pri:0, instance:scripts.TestInvalidLogin@36d4b5c]" name="testInvalidLogin" duration-ms="3553" started-at="2019-02-13T10:42:45Z" finished-at="2019-02-13T10:42:49Z">
          <reporter-output>
            <line>
              <![CDATA[testInvalidLogin --> script Started..]]>
            </line>
            <line>
              <![CDATA[testInvalidLogin --> script Passed..]]>
            </line>
          </reporter-output>
        </test-method> <!-- testInvalidLogin -->
        <test-method status="PASS" signature="closeApplication(org.testng.ITestResult)[pri:0, instance:scripts.TestInvalidLogin@36d4b5c]" name="closeApplication" is-config="true" duration-ms="2087" started-at="2019-02-13T10:42:49Z" finished-at="2019-02-13T10:42:51Z">
          <params>
            <param index="0">
              <value>
                <![CDATA[[TestResult name=testInvalidLogin status=SUCCESS method=TestInvalidLogin.testInvalidLogin()[pri:0, instance:scripts.TestInvalidLogin@36d4b5c] output=testInvalidLogin --> script Started..]]]>
              </value>
            </param>
          </params>
          <reporter-output>
          </reporter-output>
        </test-method> <!-- closeApplication -->
      </class> <!-- scripts.TestInvalidLogin -->
    </test> <!-- TestInChrome -->
  </suite> <!-- RegressionSuite -->
</testng-results>
